<?xml version="1.0" encoding="UTF-8"?>
<!-- Generated by org.testng.reporters.JUnitReportReporter -->
<testsuite hostname="DESKTOP-FO09DT1" failures="0" tests="1" name="project.Pro" time="36.239" errors="0" timestamp="2023-08-22T12:20:03 IST" skipped="0">
  <testcase classname="project.Pro" name="testLoginAndAddToCart" time="36.239"/>
</testsuite> <!-- project.Pro -->
