<?xml version="1.0" encoding="UTF-8"?>
<!-- Generated by org.testng.reporters.JUnitReportReporter -->
<testsuite hostname="DESKTOP-FO09DT1" failures="0" tests="1" name="project.Main" time="4.500" errors="0" timestamp="2023-08-21T23:56:45 IST" skipped="0">
  <testcase classname="project.Main" name="userName" time="4.500"/>
</testsuite> <!-- project.Main -->
